00:18:55.861 [main] INFO  com.intuit.karate.Runner - using system property 'karate.options': --tags ~@ignore
00:18:58.410 [main] DEBUG com.intuit.karate.Suite - [config] classpath:karate-config.js
00:19:04.945 [main] INFO  com.intuit.karate - karate.env system property was: null 
00:19:07.729 [main] DEBUG com.intuit.karate - request:
1 > GET https://jsonplaceholder.typicode.com/users
1 > Host: jsonplaceholder.typicode.com
1 > Connection: Keep-Alive
1 > User-Agent: Apache-HttpClient/4.5.13 (Java/11.0.8)
1 > Accept-Encoding: gzip,deflate


00:19:09.174 [main] DEBUG com.intuit.karate - response time in milliseconds: 1437
1 < 200
1 < Date: Sat, 26 Feb 2022 03:19:09 GMT
1 < Content-Type: application/json; charset=utf-8
1 < Transfer-Encoding: chunked
1 < Connection: keep-alive
1 < x-powered-by: Express
1 < x-ratelimit-limit: 1000
1 < x-ratelimit-remaining: 998
1 < x-ratelimit-reset: 1641552700
1 < vary: Origin, Accept-Encoding
1 < access-control-allow-credentials: true
1 < cache-control: max-age=43200
1 < pragma: no-cache
1 < expires: -1
1 < x-content-type-options: nosniff
1 < etag: W/"160d-1eMSsxeJRfnVLRBmYJSbCiJZ1qQ"
1 < via: 1.1 vegur
1 < CF-Cache-Status: HIT
1 < Age: 21644
1 < Expect-CT: max-age=604800, report-uri="https://report-uri.cloudflare.com/cdn-cgi/beacon/expect-ct"
1 < Report-To: {"endpoints":[{"url":"https:\/\/a.nel.cloudflare.com\/report\/v3?s=6wNSao5u%2BEAYjwZhjYrcwi2b4PzUQDqxropDJ%2FRZ6cGFxLzRc0QlfxZqQRgQ%2BX6x4%2FKTeaypwKAiEhcRxxuxUD32bmJK28ljvdL1eeHMg9tm42ZkaW7WDiQESnssrYVhVZJSV%2FDBvgc8xOvDxTHO"}],"group":"cf-nel","max_age":604800}
1 < NEL: {"success_fraction":0,"report_to":"cf-nel","max_age":604800}
1 < Server: cloudflare
1 < CF-RAY: 6e3607b9c9978dbe-MIA
1 < alt-svc: h3=":443"; ma=86400, h3-29=":443"; ma=86400
[
  {
    "id": 1,
    "name": "Leanne Graham",
    "username": "Bret",
    "email": "Sincere@april.biz",
    "address": {
      "street": "Kulas Light",
      "suite": "Apt. 556",
      "city": "Gwenborough",
      "zipcode": "92998-3874",
      "geo": {
        "lat": "-37.3159",
        "lng": "81.1496"
      }
    },
    "phone": "1-770-736-8031 x56442",
    "website": "hildegard.org",
    "company": {
      "name": "Romaguera-Crona",
      "catchPhrase": "Multi-layered client-server neural-net",
      "bs": "harness real-time e-markets"
    }
  },
  {
    "id": 2,
    "name": "Ervin Howell",
    "username": "Antonette",
    "email": "Shanna@melissa.tv",
    "address": {
      "street": "Victor Plains",
      "suite": "Suite 879",
      "city": "Wisokyburgh",
      "zipcode": "90566-7771",
      "geo": {
        "lat": "-43.9509",
        "lng": "-34.4618"
      }
    },
    "phone": "010-692-6593 x09125",
    "website": "anastasia.net",
    "company": {
      "name": "Deckow-Crist",
      "catchPhrase": "Proactive didactic contingency",
      "bs": "synergize scalable supply-chains"
    }
  },
  {
    "id": 3,
    "name": "Clementine Bauch",
    "username": "Samantha",
    "email": "Nathan@yesenia.net",
    "address": {
      "street": "Douglas Extension",
      "suite": "Suite 847",
      "city": "McKenziehaven",
      "zipcode": "59590-4157",
      "geo": {
        "lat": "-68.6102",
        "lng": "-47.0653"
      }
    },
    "phone": "1-463-123-4447",
    "website": "ramiro.info",
    "company": {
      "name": "Romaguera-Jacobson",
      "catchPhrase": "Face to face bifurcated interface",
      "bs": "e-enable strategic applications"
    }
  },
  {
    "id": 4,
    "name": "Patricia Lebsack",
    "username": "Karianne",
    "email": "Julianne.OConner@kory.org",
    "address": {
      "street": "Hoeger Mall",
      "suite": "Apt. 692",
      "city": "South Elvis",
      "zipcode": "53919-4257",
      "geo": {
        "lat": "29.4572",
        "lng": "-164.2990"
      }
    },
    "phone": "493-170-9623 x156",
    "website": "kale.biz",
    "company": {
      "name": "Robel-Corkery",
      "catchPhrase": "Multi-tiered zero tolerance productivity",
      "bs": "transition cutting-edge web services"
    }
  },
  {
    "id": 5,
    "name": "Chelsey Dietrich",
    "username": "Kamren",
    "email": "Lucio_Hettinger@annie.ca",
    "address": {
      "street": "Skiles Walks",
      "suite": "Suite 351",
      "city": "Roscoeview",
      "zipcode": "33263",
      "geo": {
        "lat": "-31.8129",
        "lng": "62.5342"
      }
    },
    "phone": "(254)954-1289",
    "website": "demarco.info",
    "company": {
      "name": "Keebler LLC",
      "catchPhrase": "User-centric fault-tolerant solution",
      "bs": "revolutionize end-to-end systems"
    }
  },
  {
    "id": 6,
    "name": "Mrs. Dennis Schulist",
    "username": "Leopoldo_Corkery",
    "email": "Karley_Dach@jasper.info",
    "address": {
      "street": "Norberto Crossing",
      "suite": "Apt. 950",
      "city": "South Christy",
      "zipcode": "23505-1337",
      "geo": {
        "lat": "-71.4197",
        "lng": "71.7478"
      }
    },
    "phone": "1-477-935-8478 x6430",
    "website": "ola.org",
    "company": {
      "name": "Considine-Lockman",
      "catchPhrase": "Synchronised bottom-line interface",
      "bs": "e-enable innovative applications"
    }
  },
  {
    "id": 7,
    "name": "Kurtis Weissnat",
    "username": "Elwyn.Skiles",
    "email": "Telly.Hoeger@billy.biz",
    "address": {
      "street": "Rex Trail",
      "suite": "Suite 280",
      "city": "Howemouth",
      "zipcode": "58804-1099",
      "geo": {
        "lat": "24.8918",
        "lng": "21.8984"
      }
    },
    "phone": "210.067.6132",
    "website": "elvis.io",
    "company": {
      "name": "Johns Group",
      "catchPhrase": "Configurable multimedia task-force",
      "bs": "generate enterprise e-tailers"
    }
  },
  {
    "id": 8,
    "name": "Nicholas Runolfsdottir V",
    "username": "Maxime_Nienow",
    "email": "Sherwood@rosamond.me",
    "address": {
      "street": "Ellsworth Summit",
      "suite": "Suite 729",
      "city": "Aliyaview",
      "zipcode": "45169",
      "geo": {
        "lat": "-14.3990",
        "lng": "-120.7677"
      }
    },
    "phone": "586.493.6943 x140",
    "website": "jacynthe.com",
    "company": {
      "name": "Abernathy Group",
      "catchPhrase": "Implemented secondary concept",
      "bs": "e-enable extensible e-tailers"
    }
  },
  {
    "id": 9,
    "name": "Glenna Reichert",
    "username": "Delphine",
    "email": "Chaim_McDermott@dana.io",
    "address": {
      "street": "Dayna Park",
      "suite": "Suite 449",
      "city": "Bartholomebury",
      "zipcode": "76495-3109",
      "geo": {
        "lat": "24.6463",
        "lng": "-168.8889"
      }
    },
    "phone": "(775)976-6794 x41206",
    "website": "conrad.com",
    "company": {
      "name": "Yost and Sons",
      "catchPhrase": "Switchable contextually-based project",
      "bs": "aggregate real-time technologies"
    }
  },
  {
    "id": 10,
    "name": "Clementina DuBuque",
    "username": "Moriah.Stanton",
    "email": "Rey.Padberg@karina.biz",
    "address": {
      "street": "Kattie Turnpike",
      "suite": "Suite 198",
      "city": "Lebsackbury",
      "zipcode": "31428-2261",
      "geo": {
        "lat": "-38.2386",
        "lng": "57.2232"
      }
    },
    "phone": "024-648-3804",
    "website": "ambrose.net",
    "company": {
      "name": "Hoeger LLC",
      "catchPhrase": "Centralized empowering task-force",
      "bs": "target end-to-end models"
    }
  }
]
00:19:09.447 [main] DEBUG com.intuit.karate - request:
2 > GET https://jsonplaceholder.typicode.com/users/1
2 > Host: jsonplaceholder.typicode.com
2 > Connection: Keep-Alive
2 > User-Agent: Apache-HttpClient/4.5.13 (Java/11.0.8)
2 > Accept-Encoding: gzip,deflate


00:19:10.053 [main] DEBUG com.intuit.karate - response time in milliseconds: 601
2 < 200
2 < Date: Sat, 26 Feb 2022 03:19:10 GMT
2 < Content-Type: application/json; charset=utf-8
2 < Transfer-Encoding: chunked
2 < Connection: keep-alive
2 < X-Powered-By: Express
2 < X-Ratelimit-Limit: 1000
2 < X-Ratelimit-Remaining: 998
2 < X-Ratelimit-Reset: 1645803049
2 < Vary: Origin, Accept-Encoding
2 < Access-Control-Allow-Credentials: true
2 < Cache-Control: max-age=43200
2 < Pragma: no-cache
2 < Expires: -1
2 < X-Content-Type-Options: nosniff
2 < Etag: W/"1fd-+2Y3G3w049iSZtw5t1mzSnunngE"
2 < Via: 1.1 vegur
2 < CF-Cache-Status: HIT
2 < Age: 8244
2 < Expect-CT: max-age=604800, report-uri="https://report-uri.cloudflare.com/cdn-cgi/beacon/expect-ct"
2 < Report-To: {"endpoints":[{"url":"https:\/\/a.nel.cloudflare.com\/report\/v3?s=Vi9MkC8FafZxuCiMrQ%2Fnp8nGNIZhqyvs%2BuA2c67K0nJ2WxtltM5qqDbmGrILInDoQWCfyWakQ0JWg3dd6i14cm9HzgFbI7909gx3lDOotu%2FINFG9tgXxeUCR1xdwaQYPRFNSX3IsSS3S1IJ%2BBLnp"}],"group":"cf-nel","max_age":604800}
2 < NEL: {"success_fraction":0,"report_to":"cf-nel","max_age":604800}
2 < Server: cloudflare
2 < CF-RAY: 6e3607bf7de43711-MIA
2 < alt-svc: h3=":443"; ma=86400, h3-29=":443"; ma=86400
{
  "id": 1,
  "name": "Leanne Graham",
  "username": "Bret",
  "email": "Sincere@april.biz",
  "address": {
    "street": "Kulas Light",
    "suite": "Apt. 556",
    "city": "Gwenborough",
    "zipcode": "92998-3874",
    "geo": {
      "lat": "-37.3159",
      "lng": "81.1496"
    }
  },
  "phone": "1-770-736-8031 x56442",
  "website": "hildegard.org",
  "company": {
    "name": "Romaguera-Crona",
    "catchPhrase": "Multi-layered client-server neural-net",
    "bs": "harness real-time e-markets"
  }
}
00:19:10.107 [main] INFO  com.intuit.karate - karate.env system property was: null 
00:19:10.470 [main] DEBUG com.intuit.karate - request:
1 > POST https://jsonplaceholder.typicode.com/users
1 > Content-Type: application/json; charset=UTF-8
1 > Content-Length: 160
1 > Host: jsonplaceholder.typicode.com
1 > Connection: Keep-Alive
1 > User-Agent: Apache-HttpClient/4.5.13 (Java/11.0.8)
1 > Accept-Encoding: gzip,deflate
{"name":"Test User","username":"testuser","email":"test@user.com","address":{"street":"Has No Name","suite":"Apt. 123","city":"Electri","zipcode":"54321-6789"}}

00:19:11.086 [main] DEBUG com.intuit.karate - response time in milliseconds: 614
1 < 201
1 < Date: Sat, 26 Feb 2022 03:19:11 GMT
1 < Content-Type: application/json; charset=utf-8
1 < Content-Length: 216
1 < Connection: keep-alive
1 < X-Powered-By: Express
1 < X-Ratelimit-Limit: 1000
1 < X-Ratelimit-Remaining: 999
1 < X-Ratelimit-Reset: 1645845604
1 < Vary: Origin, X-HTTP-Method-Override, Accept-Encoding
1 < Access-Control-Allow-Credentials: true
1 < Cache-Control: no-cache
1 < Pragma: no-cache
1 < Expires: -1
1 < Access-Control-Expose-Headers: Location
1 < Location: http://jsonplaceholder.typicode.com/users/11
1 < X-Content-Type-Options: nosniff
1 < Etag: W/"d8-pYV7+YuMGP2hxHPU9ARrf97ifDA"
1 < Via: 1.1 vegur
1 < CF-Cache-Status: DYNAMIC
1 < Expect-CT: max-age=604800, report-uri="https://report-uri.cloudflare.com/cdn-cgi/beacon/expect-ct"
1 < Report-To: {"endpoints":[{"url":"https:\/\/a.nel.cloudflare.com\/report\/v3?s=4MCk5vcTIOkD7RNJ%2Fx2ibrMPqjWGaWzP3r5RVDw0IxW2b4i%2BvSyLFs1QtCA7FAIez8FEsHdvTvJAuKhJULDbzTaRXN3qFvZljZMDygDlVWx%2BsxmZCTDoGjaRzcPeba5y8W1nnQjq9cFZCSaSMBeS"}],"group":"cf-nel","max_age":604800}
1 < NEL: {"success_fraction":0,"report_to":"cf-nel","max_age":604800}
1 < Server: cloudflare
1 < CF-RAY: 6e3607c59a228de5-MIA
1 < alt-svc: h3=":443"; ma=86400, h3-29=":443"; ma=86400
{
  "name": "Test User",
  "username": "testuser",
  "email": "test@user.com",
  "address": {
    "street": "Has No Name",
    "suite": "Apt. 123",
    "city": "Electri",
    "zipcode": "54321-6789"
  },
  "id": 11
}
00:19:11.097 [main] INFO  com.intuit.karate - [print] created id is:  11 
00:19:14.415 [main] INFO  com.intuit.karate - karate.env system property was: null 
00:19:14.658 [main] DEBUG com.intuit.karate - request:
1 > POST https://petstore.swagger.io/v2/pet
1 > Accept: application/json
1 > Content-Type: application/json; charset=UTF-8
1 > Content-Length: 137
1 > Host: petstore.swagger.io
1 > Connection: Keep-Alive
1 > User-Agent: Apache-HttpClient/4.5.13 (Java/11.0.8)
1 > Accept-Encoding: gzip,deflate
{"id":10,"category":{"id":10,"name":"black"},"name":"Macedonio","photoUrls":["string"],"tags":[{"id":0,"name":"string"}],"status":"sold"}

00:19:15.720 [main] DEBUG com.intuit.karate - response time in milliseconds: 1060
1 < 200
1 < Date: Sat, 26 Feb 2022 03:19:15 GMT
1 < Content-Type: application/json
1 < Transfer-Encoding: chunked
1 < Connection: keep-alive
1 < Access-Control-Allow-Origin: *
1 < Access-Control-Allow-Methods: GET, POST, DELETE, PUT
1 < Access-Control-Allow-Headers: Content-Type, api_key, Authorization
1 < Server: Jetty(9.2.9.v20150224)
{"id":10,"category":{"id":10,"name":"black"},"name":"Macedonio","photoUrls":["string"],"tags":[{"id":0,"name":"string"}],"status":"sold"}
00:19:15.781 [main] INFO  com.intuit.karate - karate.env system property was: null 
00:19:15.830 [main] DEBUG com.intuit.karate - request:
1 > GET https://petstore.swagger.io/v2/pet/10
1 > Accept: application/json
1 > Content-Type: application/json
1 > Host: petstore.swagger.io
1 > Connection: Keep-Alive
1 > User-Agent: Apache-HttpClient/4.5.13 (Java/11.0.8)
1 > Accept-Encoding: gzip,deflate


00:19:16.572 [main] DEBUG com.intuit.karate - response time in milliseconds: 737
1 < 404
1 < Date: Sat, 26 Feb 2022 03:19:16 GMT
1 < Content-Type: application/json
1 < Transfer-Encoding: chunked
1 < Connection: keep-alive
1 < Access-Control-Allow-Origin: *
1 < Access-Control-Allow-Methods: GET, POST, DELETE, PUT
1 < Access-Control-Allow-Headers: Content-Type, api_key, Authorization
1 < Server: Jetty(9.2.9.v20150224)
{"code":1,"type":"error","message":"Pet not found"}
00:19:16.578 [main] ERROR com.intuit.karate - classpath:petstore/features/pet-example-1.feature:28
Then status 200
status code was: 404, expected: 200, response time in milliseconds: 737, url: https://petstore.swagger.io/v2/pet/10, response: 
{"code":1,"type":"error","message":"Pet not found"}
classpath:petstore/features/pet-example-1.feature:28
00:19:16.630 [main] INFO  com.intuit.karate - karate.env system property was: null 
00:19:16.675 [main] DEBUG com.intuit.karate - request:
1 > PUT https://petstore.swagger.io/v2/pet
1 > Accept: application/json
1 > Content-Type: application/json; charset=UTF-8
1 > Content-Length: 138
1 > Host: petstore.swagger.io
1 > Connection: Keep-Alive
1 > User-Agent: Apache-HttpClient/4.5.13 (Java/11.0.8)
1 > Accept-Encoding: gzip,deflate
{"id":10,"category":{"id":0,"name":"darkness"},"name":"Raimunda","photoUrls":["string"],"tags":[{"id":0,"name":"string"}],"status":"sold"}

00:19:17.445 [main] DEBUG com.intuit.karate - response time in milliseconds: 769
1 < 200
1 < Date: Sat, 26 Feb 2022 03:19:17 GMT
1 < Content-Type: application/json
1 < Transfer-Encoding: chunked
1 < Connection: keep-alive
1 < Access-Control-Allow-Origin: *
1 < Access-Control-Allow-Methods: GET, POST, DELETE, PUT
1 < Access-Control-Allow-Headers: Content-Type, api_key, Authorization
1 < Server: Jetty(9.2.9.v20150224)
{"id":10,"category":{"id":0,"name":"darkness"},"name":"Raimunda","photoUrls":["string"],"tags":[{"id":0,"name":"string"}],"status":"sold"}
00:19:17.459 [main] INFO  com.intuit.karate - karate.env system property was: null 
00:19:17.477 [main] DEBUG com.intuit.karate - request:
1 > DELETE https://petstore.swagger.io/v2/pet/10
1 > Accept: application/json
1 > Content-Type: application/json
1 > Host: petstore.swagger.io
1 > Connection: Keep-Alive
1 > User-Agent: Apache-HttpClient/4.5.13 (Java/11.0.8)
1 > Accept-Encoding: gzip,deflate


00:19:18.178 [main] DEBUG com.intuit.karate - response time in milliseconds: 701
1 < 200
1 < Date: Sat, 26 Feb 2022 03:19:18 GMT
1 < Content-Type: application/json
1 < Transfer-Encoding: chunked
1 < Connection: keep-alive
1 < Access-Control-Allow-Origin: *
1 < Access-Control-Allow-Methods: GET, POST, DELETE, PUT
1 < Access-Control-Allow-Headers: Content-Type, api_key, Authorization
1 < Server: Jetty(9.2.9.v20150224)
{"code":200,"type":"unknown","message":"10"}
00:19:18.979 [main] INFO  com.intuit.karate - karate.env system property was: null 
00:19:19.042 [main] DEBUG com.intuit.karate - request:
1 > POST https://petstore.swagger.io/v2/store/order
1 > Accept: application/json
1 > Content-Type: application/json; charset=UTF-8
1 > Content-Length: 106
1 > Host: petstore.swagger.io
1 > Connection: Keep-Alive
1 > User-Agent: Apache-HttpClient/4.5.13 (Java/11.0.8)
1 > Accept-Encoding: gzip,deflate
{"id":10,"petId":10,"quantity":5,"shipDate":"2022-02-22T22:53:15.160Z","status":"placed","complete":false}

00:19:19.832 [main] DEBUG com.intuit.karate - response time in milliseconds: 789
1 < 200
1 < Date: Sat, 26 Feb 2022 03:19:19 GMT
1 < Content-Type: application/json
1 < Transfer-Encoding: chunked
1 < Connection: keep-alive
1 < Access-Control-Allow-Origin: *
1 < Access-Control-Allow-Methods: GET, POST, DELETE, PUT
1 < Access-Control-Allow-Headers: Content-Type, api_key, Authorization
1 < Server: Jetty(9.2.9.v20150224)
{"id":10,"petId":10,"quantity":5,"shipDate":"2022-02-22T22:53:15.160+0000","status":"placed","complete":false}
00:19:19.845 [main] INFO  com.intuit.karate - karate.env system property was: null 
00:19:19.862 [main] DEBUG com.intuit.karate - request:
1 > GET https://petstore.swagger.io/v2/store/order/10
1 > Accept: application/json
1 > Content-Type: application/json
1 > Host: petstore.swagger.io
1 > Connection: Keep-Alive
1 > User-Agent: Apache-HttpClient/4.5.13 (Java/11.0.8)
1 > Accept-Encoding: gzip,deflate


00:19:20.560 [main] DEBUG com.intuit.karate - response time in milliseconds: 697
1 < 404
1 < Date: Sat, 26 Feb 2022 03:19:20 GMT
1 < Content-Type: application/json
1 < Transfer-Encoding: chunked
1 < Connection: keep-alive
1 < Access-Control-Allow-Origin: *
1 < Access-Control-Allow-Methods: GET, POST, DELETE, PUT
1 < Access-Control-Allow-Headers: Content-Type, api_key, Authorization
1 < Server: Jetty(9.2.9.v20150224)
{"code":1,"type":"error","message":"Order not found"}
00:19:20.561 [main] ERROR com.intuit.karate - classpath:petstore/features/store-example-1.feature:28
Then status 200
status code was: 404, expected: 200, response time in milliseconds: 697, url: https://petstore.swagger.io/v2/store/order/10, response: 
{"code":1,"type":"error","message":"Order not found"}
classpath:petstore/features/store-example-1.feature:28
00:19:20.568 [main] INFO  com.intuit.karate - karate.env system property was: null 
00:19:20.581 [main] DEBUG com.intuit.karate - request:
1 > DELETE https://petstore.swagger.io/v2/store/order/10
1 > Accept: application/json
1 > Content-Type: application/json
1 > Host: petstore.swagger.io
1 > Connection: Keep-Alive
1 > User-Agent: Apache-HttpClient/4.5.13 (Java/11.0.8)
1 > Accept-Encoding: gzip,deflate


00:19:21.318 [main] DEBUG com.intuit.karate - response time in milliseconds: 736
1 < 404
1 < Date: Sat, 26 Feb 2022 03:19:21 GMT
1 < Content-Type: application/json
1 < Transfer-Encoding: chunked
1 < Connection: keep-alive
1 < Access-Control-Allow-Origin: *
1 < Access-Control-Allow-Methods: GET, POST, DELETE, PUT
1 < Access-Control-Allow-Headers: Content-Type, api_key, Authorization
1 < Server: Jetty(9.2.9.v20150224)
{"code":404,"type":"unknown","message":"Order Not Found"}
00:19:21.321 [main] ERROR com.intuit.karate - classpath:petstore/features/store-example-1.feature:34
Then status 200
status code was: 404, expected: 200, response time in milliseconds: 736, url: https://petstore.swagger.io/v2/store/order/10, response: 
{"code":404,"type":"unknown","message":"Order Not Found"}
classpath:petstore/features/store-example-1.feature:34
00:19:21.331 [main] INFO  com.intuit.karate - karate.env system property was: null 
00:19:21.348 [main] DEBUG com.intuit.karate - request:
1 > GET https://petstore.swagger.io/v2/store/inventory
1 > Accept: application/json
1 > Content-Type: application/json
1 > Host: petstore.swagger.io
1 > Connection: Keep-Alive
1 > User-Agent: Apache-HttpClient/4.5.13 (Java/11.0.8)
1 > Accept-Encoding: gzip,deflate


00:19:22.051 [main] DEBUG com.intuit.karate - response time in milliseconds: 703
1 < 200
1 < Date: Sat, 26 Feb 2022 03:19:22 GMT
1 < Content-Type: application/json
1 < Transfer-Encoding: chunked
1 < Connection: keep-alive
1 < Access-Control-Allow-Origin: *
1 < Access-Control-Allow-Methods: GET, POST, DELETE, PUT
1 < Access-Control-Allow-Headers: Content-Type, api_key, Authorization
1 < Server: Jetty(9.2.9.v20150224)
{"sold":2,"VL4EQE":1,"string":304,"pending":2,"available":501,"connector_up":1,"active":1}
00:19:22.809 [main] INFO  com.intuit.karate - karate.env system property was: null 
00:19:23.016 [main] DEBUG com.intuit.karate - request:
1 > POST https://petstore.swagger.io/v2/user
1 > Accept: application/json
1 > Content-Type: application/json; charset=UTF-8
1 > Content-Length: 162
1 > Host: petstore.swagger.io
1 > Connection: Keep-Alive
1 > User-Agent: Apache-HttpClient/4.5.13 (Java/11.0.8)
1 > Accept-Encoding: gzip,deflate
{"id":10,"username":"kmitnick","firstName":"kevin","lastName":"mitnick","email":"kmitnick@security.com","password":"outbreak","phone":"1111111111","userStatus":1}

00:19:23.766 [main] DEBUG com.intuit.karate - response time in milliseconds: 750
1 < 200
1 < Date: Sat, 26 Feb 2022 03:19:23 GMT
1 < Content-Type: application/json
1 < Transfer-Encoding: chunked
1 < Connection: keep-alive
1 < Access-Control-Allow-Origin: *
1 < Access-Control-Allow-Methods: GET, POST, DELETE, PUT
1 < Access-Control-Allow-Headers: Content-Type, api_key, Authorization
1 < Server: Jetty(9.2.9.v20150224)
{"code":200,"type":"unknown","message":"10"}
00:19:23.782 [main] INFO  com.intuit.karate - karate.env system property was: null 
00:19:23.813 [main] DEBUG com.intuit.karate - request:
1 > GET https://petstore.swagger.io/v2/user/kmitnick
1 > Accept: application/json
1 > Content-Type: application/json
1 > Host: petstore.swagger.io
1 > Connection: Keep-Alive
1 > User-Agent: Apache-HttpClient/4.5.13 (Java/11.0.8)
1 > Accept-Encoding: gzip,deflate


00:19:24.544 [main] DEBUG com.intuit.karate - response time in milliseconds: 730
1 < 404
1 < Date: Sat, 26 Feb 2022 03:19:24 GMT
1 < Content-Type: application/json
1 < Transfer-Encoding: chunked
1 < Connection: keep-alive
1 < Access-Control-Allow-Origin: *
1 < Access-Control-Allow-Methods: GET, POST, DELETE, PUT
1 < Access-Control-Allow-Headers: Content-Type, api_key, Authorization
1 < Server: Jetty(9.2.9.v20150224)
{"code":1,"type":"error","message":"User not found"}
00:19:24.546 [main] ERROR com.intuit.karate - classpath:petstore/features/user-example-1.feature:32
Then status 200
status code was: 404, expected: 200, response time in milliseconds: 730, url: https://petstore.swagger.io/v2/user/kmitnick, response: 
{"code":1,"type":"error","message":"User not found"}
classpath:petstore/features/user-example-1.feature:32
00:19:24.556 [main] INFO  com.intuit.karate - karate.env system property was: null 
00:19:24.582 [main] DEBUG com.intuit.karate - request:
1 > GET https://petstore.swagger.io/v2/user/kmitnick
1 > Accept: application/json
1 > Content-Type: application/json; charset=UTF-8
1 > Content-Length: 160
1 > Host: petstore.swagger.io
1 > Connection: Keep-Alive
1 > User-Agent: Apache-HttpClient/4.5.13 (Java/11.0.8)
1 > Accept-Encoding: gzip,deflate
{"id":"#number","username":"#string","firstName":"#string","lastName":"#string","email":"#string","password":"#string","phone":"#string","userStatus":"#number"}

00:19:25.300 [main] DEBUG com.intuit.karate - response time in milliseconds: 717
1 < 404
1 < Date: Sat, 26 Feb 2022 03:19:25 GMT
1 < Content-Type: application/json
1 < Transfer-Encoding: chunked
1 < Connection: close
1 < Access-Control-Allow-Origin: *
1 < Access-Control-Allow-Methods: GET, POST, DELETE, PUT
1 < Access-Control-Allow-Headers: Content-Type, api_key, Authorization
1 < Server: Jetty(9.2.9.v20150224)
{"code":1,"type":"error","message":"User not found"}
00:19:25.301 [main] ERROR com.intuit.karate - classpath:petstore/features/user-example-1.feature:47
Then status 200
status code was: 404, expected: 200, response time in milliseconds: 717, url: https://petstore.swagger.io/v2/user/kmitnick, response: 
{"code":1,"type":"error","message":"User not found"}
classpath:petstore/features/user-example-1.feature:47
00:19:25.312 [main] INFO  com.intuit.karate - karate.env system property was: null 
00:19:25.329 [main] DEBUG com.intuit.karate - request:
1 > DELETE https://petstore.swagger.io/v2/user/kmitnick
1 > Accept: application/json
1 > Content-Type: application/json
1 > Host: petstore.swagger.io
1 > Connection: Keep-Alive
1 > User-Agent: Apache-HttpClient/4.5.13 (Java/11.0.8)
1 > Accept-Encoding: gzip,deflate


00:19:26.049 [main] DEBUG com.intuit.karate - response time in milliseconds: 720
1 < 404
1 < Date: Sat, 26 Feb 2022 03:19:26 GMT
1 < Content-Length: 0
1 < Connection: keep-alive
1 < Access-Control-Allow-Origin: *
1 < Access-Control-Allow-Methods: GET, POST, DELETE, PUT
1 < Access-Control-Allow-Headers: Content-Type, api_key, Authorization
1 < Server: Jetty(9.2.9.v20150224)

00:19:26.051 [main] ERROR com.intuit.karate - classpath:petstore/features/user-example-1.feature:53
Then status 200
status code was: 404, expected: 200, response time in milliseconds: 720, url: https://petstore.swagger.io/v2/user/kmitnick, response: 

classpath:petstore/features/user-example-1.feature:53
00:22:28.687 [main] DEBUG com.intuit.karate.Suite - [config] classpath:karate-config.js
00:22:28.710 [main] INFO  com.intuit.karate.Suite - backed up existing 'target\karate-reports' dir to: target\karate-reports_1645845748707
00:22:31.078 [main] INFO  com.intuit.karate - karate.env system property was: null 
00:22:32.110 [main] DEBUG com.intuit.karate - request:
1 > POST https://petstore.swagger.io/v2/user
1 > Accept: application/json
1 > Content-Type: application/json; charset=UTF-8
1 > Content-Length: 162
1 > Host: petstore.swagger.io
1 > Connection: Keep-Alive
1 > User-Agent: Apache-HttpClient/4.5.13 (Java/15)
1 > Accept-Encoding: gzip,deflate
{"id":10,"username":"kmitnick","firstName":"kevin","lastName":"mitnick","email":"kmitnick@security.com","password":"outbreak","phone":"1111111111","userStatus":1}

00:22:33.276 [main] DEBUG com.intuit.karate - response time in milliseconds: 1155
1 < 200
1 < Date: Sat, 26 Feb 2022 03:22:33 GMT
1 < Content-Type: application/json
1 < Transfer-Encoding: chunked
1 < Connection: keep-alive
1 < Access-Control-Allow-Origin: *
1 < Access-Control-Allow-Methods: GET, POST, DELETE, PUT
1 < Access-Control-Allow-Headers: Content-Type, api_key, Authorization
1 < Server: Jetty(9.2.9.v20150224)
{"code":200,"type":"unknown","message":"10"}
00:22:33.311 [main] INFO  com.intuit.karate - karate.env system property was: null 
00:22:33.342 [main] DEBUG com.intuit.karate - request:
1 > GET https://petstore.swagger.io/v2/user/kmitnick
1 > Accept: application/json
1 > Content-Type: application/json
1 > Host: petstore.swagger.io
1 > Connection: Keep-Alive
1 > User-Agent: Apache-HttpClient/4.5.13 (Java/15)
1 > Accept-Encoding: gzip,deflate


00:22:34.054 [main] DEBUG com.intuit.karate - response time in milliseconds: 712
1 < 200
1 < Date: Sat, 26 Feb 2022 03:22:34 GMT
1 < Content-Type: application/json
1 < Transfer-Encoding: chunked
1 < Connection: keep-alive
1 < Access-Control-Allow-Origin: *
1 < Access-Control-Allow-Methods: GET, POST, DELETE, PUT
1 < Access-Control-Allow-Headers: Content-Type, api_key, Authorization
1 < Server: Jetty(9.2.9.v20150224)
{"id":10,"username":"kmitnick","firstName":"kevin","lastName":"mitnick","email":"kmitnick@security.com","password":"outbreak","phone":"1111111111","userStatus":1}
00:22:34.064 [main] INFO  com.intuit.karate - karate.env system property was: null 
00:22:34.105 [main] DEBUG com.intuit.karate - request:
1 > GET https://petstore.swagger.io/v2/user/kmitnick
1 > Accept: application/json
1 > Content-Type: application/json; charset=UTF-8
1 > Content-Length: 160
1 > Host: petstore.swagger.io
1 > Connection: Keep-Alive
1 > User-Agent: Apache-HttpClient/4.5.13 (Java/15)
1 > Accept-Encoding: gzip,deflate
{"id":"#number","username":"#string","firstName":"#string","lastName":"#string","email":"#string","password":"#string","phone":"#string","userStatus":"#number"}

00:22:34.828 [main] DEBUG com.intuit.karate - response time in milliseconds: 720
1 < 200
1 < Date: Sat, 26 Feb 2022 03:22:34 GMT
1 < Content-Type: application/json
1 < Transfer-Encoding: chunked
1 < Connection: close
1 < Access-Control-Allow-Origin: *
1 < Access-Control-Allow-Methods: GET, POST, DELETE, PUT
1 < Access-Control-Allow-Headers: Content-Type, api_key, Authorization
1 < Server: Jetty(9.2.9.v20150224)
{"id":10,"username":"kmitnick","firstName":"kevin","lastName":"mitnick","email":"kmitnick@security.com","password":"outbreak","phone":"1111111111","userStatus":1}
00:22:34.843 [main] INFO  com.intuit.karate - karate.env system property was: null 
00:22:34.861 [main] DEBUG com.intuit.karate - request:
1 > DELETE https://petstore.swagger.io/v2/user/kmitnick
1 > Accept: application/json
1 > Content-Type: application/json
1 > Host: petstore.swagger.io
1 > Connection: Keep-Alive
1 > User-Agent: Apache-HttpClient/4.5.13 (Java/15)
1 > Accept-Encoding: gzip,deflate


00:22:35.578 [main] DEBUG com.intuit.karate - response time in milliseconds: 716
1 < 404
1 < Date: Sat, 26 Feb 2022 03:22:35 GMT
1 < Content-Length: 0
1 < Connection: keep-alive
1 < Access-Control-Allow-Origin: *
1 < Access-Control-Allow-Methods: GET, POST, DELETE, PUT
1 < Access-Control-Allow-Headers: Content-Type, api_key, Authorization
1 < Server: Jetty(9.2.9.v20150224)

00:22:35.581 [main] ERROR com.intuit.karate - src/test/java/petstore/features/user-example-1.feature:53
Then status 200
status code was: 404, expected: 200, response time in milliseconds: 716, url: https://petstore.swagger.io/v2/user/kmitnick, response: 

src/test/java/petstore/features/user-example-1.feature:53
00:22:37.466 [main] INFO  com.intuit.karate.Suite - <<fail>> feature 1 of 1 (0 remaining) src/test/java/petstore/features/user-example-1.feature
